11:32:12.353 INFO  - Processing command line option -hwspec C:\Users\asuardi\Desktop\tmp\SDK\SDK_Export\hw\system.xml. 
11:55:17.945 INFO  - Saving repository preferences. 
11:55:17.948 INFO  - Reading in cores from local repositories: 
		 C:\Users\asuardi\Desktop\CRANE_Vivado_HLS\final\EDK_Controller\mycores\drivers 
11:55:17.954 INFO  - Updating libgen.options on all BSP projects. 
11:55:17.957 INFO  - Cleaning BSP projects in the workspace. 
11:56:51.223 INFO  - Saving repository preferences. 
11:56:51.227 INFO  - Reading in cores from local repositories: 
		 C:\Users\asuardi\Desktop\CRANE_Vivado_HLS\final\EDK_Controller\mycores 
11:56:51.229 INFO  - Updating libgen.options on all BSP projects. 
11:56:51.232 INFO  - Cleaning BSP projects in the workspace. 
11:57:10.648 INFO  - Settings changed on project controller_server_0_bsp. Triggering a rebuild... 
11:57:13.310 INFO  - Refreshed build settings on project controller_server_0 
11:59:21.674 INFO  - Saving repository preferences. 
12:11:34.379 ERROR - Checking FPGA configuration failed..Connection to Board Failed


    Failed to Open JTAG Cable
    Cable target is not connected to the host
 
12:22:02.883 INFO  - FPGA configured successfully with bitstream "C:/Users/asuardi/Desktop/CRANE_Vivado_HLS/final/SDK_FPGA_Software/tmp_hw_platform/download.bit" 
12:22:55.200 INFO  - microblaze_0 Processor is in use. Please stop existing Run or Debug sessions before launching. 
13:17:43.330 ERROR - FPGA Configuration failed.Connection to Board Failed


    Failed to connect to Xilinx hw_server. Check if the
    hw_server is running and correct TCP port is used.
 
13:17:49.073 ERROR - Unexpected error while parsing XMD response ?: com.google.gson.JsonSyntaxException: com.google.gson.stream.MalformedJsonException: invalid number or unquoted string near  
13:19:49.677 INFO  - FPGA configured successfully with bitstream "C:/Users/asuardi/Desktop/CRANE_Vivado_HLS/final/SDK_FPGA_Software/tmp_hw_platform/download.bit" 
14:40:54.157 INFO  - microblaze_0 Processor is in use. Please stop existing Run or Debug sessions before launching. 
14:44:17.920 INFO  - microblaze_0 Processor is in use. Please stop existing Run or Debug sessions before launching. 
14:44:57.625 INFO  - microblaze_0 Processor is in use. Please stop existing Run or Debug sessions before launching. 
14:45:37.227 INFO  - microblaze_0 Processor is in use. Please stop existing Run or Debug sessions before launching. 
14:46:36.708 INFO  - microblaze_0 Processor is in use. Please stop existing Run or Debug sessions before launching. 
14:47:50.671 INFO  - microblaze_0 Processor is in use. Please stop existing Run or Debug sessions before launching. 
14:49:05.907 INFO  - microblaze_0 Processor is in use. Please stop existing Run or Debug sessions before launching. 
14:50:04.580 INFO  - microblaze_0 Processor is in use. Please stop existing Run or Debug sessions before launching. 
14:50:51.320 INFO  - microblaze_0 Processor is in use. Please stop existing Run or Debug sessions before launching. 
14:51:32.777 ERROR - Unable to disconnect from existing targets java.lang.NullPointerException
	at com.xilinx.sdk.targetmanager.internal.json.XMDJSONProcess.issueCommand(Unknown Source)
	at com.xilinx.sdk.targetmanager.internal.TM.disconnectTarget(Unknown Source)

14:51:32.814 ERROR - Unexpected error while fetching XMD's response:  java.net.SocketException: Connection reset
	at java.net.SocketInputStream.read(Unknown Source)
	at sun.nio.cs.StreamDecoder.readBytes(Unknown Source)

14:51:32.822 ERROR - Zero sized response read from XMD. This indicates a communication error or a programming error. 
